#
# A fatal error has been detected by the Java Runtime Environment:
#
#  EXCEPTION_ACCESS_VIOLATION (0xc0000005) at pc=0x6bf3757e, pid=4932, tid=0x00003f30
#
# JRE version: Java(TM) SE Runtime Environment (8.0_191-b12) (build 1.8.0_191-b12)
# Java VM: Java HotSpot(TM) Client VM (25.191-b12 mixed mode windows-x86 )
# Problematic frame:
# V  [jvm.dll+0xe757e]
#
# Failed to write core dump. Minidumps are not enabled by default on client versions of Windows
#
# If you would like to submit a bug report, please visit:
#   http://bugreport.java.com/bugreport/crash.jsp
#

---------------  T H R E A D  ---------------

Current thread (0x29d42400):  JavaThread "EventThread COM7" [_thread_in_vm, id=16176, stack(0x271a0000,0x271f0000)]

siginfo: ExceptionCode=0xc0000005, reading address 0x00000000

Registers:
EAX=0x00000000, EBX=0x285c3fe0, ECX=0x29d42400, EDX=0x0000009f
ESP=0x271ecf6c, EBP=0x271ecf88, ESI=0x00000000, EDI=0x29d42400
EIP=0x6bf3757e, EFLAGS=0x00010246

Top of Stack: (sp=0x271ecf6c)
0x271ecf6c:   271ecfa4 29d42540 285c3fe0 29d42400
0x271ecf7c:   2891b744 0000009f 6c135568 271ef118
0x271ecf8c:   6400183d 29d42540 00000000 00000000
0x271ecf9c:   00002124 271ecfa4 6c6c6f52 2d3a5650
0x271ecfac:   31352e31 7469502c 56506863 332e373a
0x271ecfbc:   0a0d2c38 6c6c6f52 2d3a5650 31352e31
0x271ecfcc:   7469502c 56506863 332e373a 0a0d2c37
0x271ecfdc:   6c6c6f52 2d3a5650 31352e31 7469502c 

Instructions: (pc=0x6bf3757e)
0x6bf3755e:   c4 08 83 7f 04 00 89 7d f0 c7 45 f4 00 00 00 00
0x6bf3756e:   74 08 8d 4d f0 e8 e8 34 0c 00 8b 75 10 8b 45 0c
0x6bf3757e:   8b 10 85 f6 78 32 8b 45 14 85 c0 78 2b 8d 0c 06
0x6bf3758e:   3b 4a 08 77 23 85 c0 7e 3b 8b 4a 04 8b 49 04 83 


Register to memory mapping:

EAX=0x00000000 is an unknown value
EBX=0x285c3fe0 is an unknown value
ECX=0x29d42400 is a thread
EDX=0x0000009f is an unknown value
ESP=0x271ecf6c is pointing into the stack for thread: 0x29d42400
EBP=0x271ecf88 is pointing into the stack for thread: 0x29d42400
ESI=0x00000000 is an unknown value
EDI=0x29d42400 is a thread


Stack: [0x271a0000,0x271f0000],  sp=0x271ecf6c,  free space=307k
Native frames: (J=compiled Java code, j=interpreted, Vv=VM code, C=native code)
V  [jvm.dll+0xe757e]
C  [jSSC-2.8_x86.dll+0x183d]
J 2324  jssc.SerialNativeInterface.readBytes(JI)[B (0 bytes) @ 0x033ec565 [0x033ec4d0+0x95]
J 6338 C1 jssc.SerialPort$EventThread.run()V (84 bytes) @ 0x0324a370 [0x0324a100+0x270]
v  ~StubRoutines::call_stub
V  [jvm.dll+0x15c315]
V  [jvm.dll+0x223ece]
V  [jvm.dll+0x15c3ae]
V  [jvm.dll+0x15c536]
V  [jvm.dll+0x15c5a7]
V  [jvm.dll+0x1002ef]
V  [jvm.dll+0x17f550]
V  [jvm.dll+0x17fdca]
V  [jvm.dll+0x1c57a6]
C  [msvcr100.dll+0x5c556]
C  [msvcr100.dll+0x5c600]
C  [KERNEL32.DLL+0x200f9]
C  [ntdll.dll+0x67bbe]
C  [ntdll.dll+0x67b8e]
C  0x00000000

Java frames: (J=compiled Java code, j=interpreted, Vv=VM code)
J 2324  jssc.SerialNativeInterface.readBytes(JI)[B (0 bytes) @ 0x033ec521 [0x033ec4d0+0x51]
J 6338 C1 jssc.SerialPort$EventThread.run()V (84 bytes) @ 0x0324a370 [0x0324a100+0x270]
v  ~StubRoutines::call_stub

---------------  P R O C E S S  ---------------

Java Threads: ( => current thread )
=>0x29d42400 JavaThread "EventThread COM7" [_thread_in_vm, id=16176, stack(0x271a0000,0x271f0000)]
  0x29d43800 JavaThread "DestroyJavaVM" [_thread_blocked, id=14696, stack(0x02e40000,0x02e90000)]
  0x26be6c00 JavaThread "TimerQueue" daemon [_thread_blocked, id=2456, stack(0x282e0000,0x28330000)]
  0x26be4c00 JavaThread "AWT-EventQueue-0" [_thread_blocked, id=10312, stack(0x27d50000,0x27da0000)]
  0x26be6000 JavaThread "AWT-Shutdown" [_thread_blocked, id=12668, stack(0x27cc0000,0x27d10000)]
  0x26be4000 JavaThread "Batik CleanerThread" daemon [_thread_blocked, id=2624, stack(0x276a0000,0x276f0000)]
  0x26b80000 JavaThread "JmDNS(192-168-100-241.local.).State.Timer" [_thread_blocked, id=30300, stack(0x29a90000,0x29ae0000)]
  0x26b7fc00 JavaThread "JmDNS(192-168-100-241.local.).Timer" daemon [_thread_blocked, id=25624, stack(0x298f0000,0x29940000)]
  0x26b7ec00 JavaThread "SocketListener(192-168-100-241.local.)" daemon [_thread_blocked, id=30216, stack(0x29390000,0x293e0000)]
  0x28a2cc00 JavaThread "Multihomed mDNS.Timer" daemon [_thread_blocked, id=30416, stack(0x02fa0000,0x02ff0000)]
  0x28a22c00 JavaThread "cc.arduino.packages.discoverers.serial.SerialDiscovery" [_thread_blocked, id=23308, stack(0x294b0000,0x29500000)]
  0x26d70800 JavaThread "AWT-Windows" daemon [_thread_in_native, id=31248, stack(0x27270000,0x272c0000)]
  0x26d6f400 JavaThread "Java2D Disposer" daemon [_thread_blocked, id=24844, stack(0x27150000,0x271a0000)]
  0x2657b800 JavaThread "Service Thread" daemon [_thread_blocked, id=7360, stack(0x269f0000,0x26a40000)]
  0x26573800 JavaThread "C1 CompilerThread0" daemon [_thread_blocked, id=13320, stack(0x26960000,0x269b0000)]
  0x26571c00 JavaThread "Attach Listener" daemon [_thread_blocked, id=33160, stack(0x268d0000,0x26920000)]
  0x2656f800 JavaThread "Signal Dispatcher" daemon [_thread_blocked, id=33676, stack(0x26840000,0x26890000)]
  0x2655d000 JavaThread "Finalizer" daemon [_thread_blocked, id=6480, stack(0x25940000,0x25990000)]
  0x26557000 JavaThread "Reference Handler" daemon [_thread_blocked, id=25656, stack(0x258b0000,0x25900000)]

Other Threads:
  0x26541000 VMThread [stack: 0x25820000,0x25870000] [id=23096]
  0x2657e800 WatcherThread [stack: 0x26a80000,0x26ad0000] [id=32920]

VM state:synchronizing (normal execution)

VM Mutex/Monitor currently owned by a thread:  ([mutex/lock_event])
[0x02c20218] Threads_lock - owner thread: 0x26541000
[0x02c20488] Heap_lock - owner thread: 0x26b80000

Heap:
 def new generation   total 157248K, used 157247K [0x05200000, 0x0fca0000, 0x0fca0000)
  eden space 139776K, 100% used [0x05200000, 0x0da80000, 0x0da80000)
  from space 17472K,  99% used [0x0eb90000, 0x0fc9ffe8, 0x0fca0000)
  to   space 17472K,   0% used [0x0da80000, 0x0da80000, 0x0eb90000)
 tenured generation   total 349568K, used 349568K [0x0fca0000, 0x25200000, 0x25200000)
   the space 349568K, 100% used [0x0fca0000, 0x25200000, 0x25200000, 0x25200000)
 Metaspace       used 22480K, capacity 23028K, committed 23168K, reserved 23936K

Card table byte_map: [0x25200000,0x25310000] byte_map_base: 0x251d7000

Polling page: 0x02c00000

CodeCache: size=32768Kb used=2283Kb max_used=5116Kb free=30484Kb
 bounds [0x03000000, 0x03500000, 0x05000000]
 total_blobs=1427 nmethods=1138 adapters=217
 compilation: enabled

Compilation events (10 events):
Event: 12934.032 Thread 0x26573800 45470             java.util.Arrays::copyOfRange (63 bytes)
Event: 12934.032 Thread 0x26573800 nmethod 45470 0x032e0748 code [0x032e08a0, 0x032e0c38]
Event: 12935.306 Thread 0x26573800 45471             java.awt.image.SinglePixelPackedSampleModel::<init> (277 bytes)
Event: 12935.306 Thread 0x26573800 nmethod 45471 0x030c0988 code [0x030c0b60, 0x030c1320]
Event: 12935.308 Thread 0x26573800 45472             sun.font.FontDesignMetrics::initAdvCache (33 bytes)
Event: 12935.309 Thread 0x26573800 nmethod 45472 0x032e0448 code [0x032e0540, 0x032e0690]
Event: 12935.323 Thread 0x26573800 45473             org.fife.ui.rsyntaxtextarea.TokenImpl::getType (5 bytes)
Event: 12935.323 Thread 0x26573800 nmethod 45473 0x030f5f48 code [0x030f6040, 0x030f60c0]
Event: 12935.352 Thread 0x26573800 45474  s          java.util.Hashtable::get (69 bytes)
Event: 12935.352 Thread 0x26573800 nmethod 45474 0x033af288 code [0x033af3b0, 0x033af678]

GC Heap History (10 events):
Event: 12948.158 GC heap before
{Heap before GC invocations=2074 (full 1650):
 def new generation   total 157248K, used 157247K [0x05200000, 0x0fca0000, 0x0fca0000)
  eden space 139776K, 100% used [0x05200000, 0x0da80000, 0x0da80000)
  from space 17472K,  99% used [0x0eb90000, 0x0fc9fff0, 0x0fca0000)
  to   space 17472K,   0% used [0x0da80000, 0x0da80000, 0x0eb90000)
 tenured generation   total 349568K, used 349568K [0x0fca0000, 0x25200000, 0x25200000)
   the space 349568K, 100% used [0x0fca0000, 0x25200000, 0x25200000, 0x25200000)
 Metaspace       used 22480K, capacity 23028K, committed 23168K, reserved 23936K
Event: 12948.409 GC heap after
Heap after GC invocations=2075 (full 1651):
 def new generation   total 157248K, used 157246K [0x05200000, 0x0fca0000, 0x0fca0000)
  eden space 139776K,  99% used [0x05200000, 0x0da7ffc0, 0x0da80000)
  from space 17472K,  99% used [0x0eb90000, 0x0fc9f8e0, 0x0fca0000)
  to   space 17472K,   0% used [0x0da80000, 0x0da80000, 0x0eb90000)
 tenured generation   total 349568K, used 349568K [0x0fca0000, 0x25200000, 0x25200000)
   the space 349568K, 100% used [0x0fca0000, 0x25200000, 0x25200000, 0x25200000)
 Metaspace       used 22480K, capacity 23028K, committed 23168K, reserved 23936K
}
Event: 12948.409 GC heap before
{Heap before GC invocations=2075 (full 1651):
 def new generation   total 157248K, used 157247K [0x05200000, 0x0fca0000, 0x0fca0000)
  eden space 139776K, 100% used [0x05200000, 0x0da80000, 0x0da80000)
  from space 17472K,  99% used [0x0eb90000, 0x0fc9ff50, 0x0fca0000)
  to   space 17472K,   0% used [0x0da80000, 0x0da80000, 0x0eb90000)
 tenured generation   total 349568K, used 349568K [0x0fca0000, 0x25200000, 0x25200000)
   the space 349568K, 100% used [0x0fca0000, 0x25200000, 0x25200000, 0x25200000)
 Metaspace       used 22480K, capacity 23028K, committed 23168K, reserved 23936K
Event: 12948.747 GC heap after
Heap after GC invocations=2076 (full 1652):
 def new generation   total 157248K, used 157246K [0x05200000, 0x0fca0000, 0x0fca0000)
  eden space 139776K,  99% used [0x05200000, 0x0da7fef8, 0x0da80000)
  from space 17472K,  99% used [0x0eb90000, 0x0fc9fa28, 0x0fca0000)
  to   space 17472K,   0% used [0x0da80000, 0x0da80000, 0x0eb90000)
 tenured generation   total 349568K, used 349568K [0x0fca0000, 0x25200000, 0x25200000)
   the space 349568K, 100% used [0x0fca0000, 0x25200000, 0x25200000, 0x25200000)
 Metaspace       used 22480K, capacity 23028K, committed 23168K, reserved 23936K
}
Event: 12948.748 GC heap before
{Heap before GC invocations=2076 (full 1652):
 def new generation   total 157248K, used 157247K [0x05200000, 0x0fca0000, 0x0fca0000)
  eden space 139776K, 100% used [0x05200000, 0x0da80000, 0x0da80000)
  from space 17472K,  99% used [0x0eb90000, 0x0fc9fff8, 0x0fca0000)
  to   space 17472K,   0% used [0x0da80000, 0x0da80000, 0x0eb90000)
 tenured generation   total 349568K, used 349568K [0x0fca0000, 0x25200000, 0x25200000)
   the space 349568K, 100% used [0x0fca0000, 0x25200000, 0x25200000, 0x25200000)
 Metaspace       used 22480K, capacity 23028K, committed 23168K, reserved 23936K
Event: 12949.010 GC heap after
Heap after GC invocations=2077 (full 1653):
 def new generation   total 157248K, used 157245K [0x05200000, 0x0fca0000, 0x0fca0000)
  eden space 139776K,  99% used [0x05200000, 0x0da7ff38, 0x0da80000)
  from space 17472K,  99% used [0x0eb90000, 0x0fc9f550, 0x0fca0000)
  to   space 17472K,   0% used [0x0da80000, 0x0da80000, 0x0eb90000)
 tenured generation   total 349568K, used 349568K [0x0fca0000, 0x25200000, 0x25200000)
   the space 349568K, 100% used [0x0fca0000, 0x25200000, 0x25200000, 0x25200000)
 Metaspace       used 22480K, capacity 23028K, committed 23168K, reserved 23936K
}
Event: 12949.010 GC heap before
{Heap before GC invocations=2077 (full 1653):
 def new generation   total 157248K, used 157245K [0x05200000, 0x0fca0000, 0x0fca0000)
  eden space 139776K, 100% used [0x05200000, 0x0da80000, 0x0da80000)
  from space 17472K,  99% used [0x0eb90000, 0x0fc9f770, 0x0fca0000)
  to   space 17472K,   0% used [0x0da80000, 0x0da80000, 0x0eb90000)
 tenured generation   total 349568K, used 349568K [0x0fca0000, 0x25200000, 0x25200000)
   the space 349568K, 100% used [0x0fca0000, 0x25200000, 0x25200000, 0x25200000)
 Metaspace       used 22480K, capacity 23028K, committed 23168K, reserved 23936K
Event: 12949.273 GC heap after
Heap after GC invocations=2078 (full 1654):
 def new generation   total 157248K, used 157245K [0x05200000, 0x0fca0000, 0x0fca0000)
  eden space 139776K,  99% used [0x05200000, 0x0da7ff98, 0x0da80000)
  from space 17472K,  99% used [0x0eb90000, 0x0fc9f5c8, 0x0fca0000)
  to   space 17472K,   0% used [0x0da80000, 0x0da80000, 0x0eb90000)
 tenured generation   total 349568K, used 349568K [0x0fca0000, 0x25200000, 0x25200000)
   the space 349568K, 100% used [0x0fca0000, 0x25200000, 0x25200000, 0x25200000)
 Metaspace       used 22480K, capacity 23028K, committed 23168K, reserved 23936K
}
Event: 12949.273 GC heap before
{Heap before GC invocations=2078 (full 1654):
 def new generation   total 157248K, used 157245K [0x05200000, 0x0fca0000, 0x0fca0000)
  eden space 139776K,  99% used [0x05200000, 0x0da7ff98, 0x0da80000)
  from space 17472K,  99% used [0x0eb90000, 0x0fc9f5c8, 0x0fca0000)
  to   space 17472K,   0% used [0x0da80000, 0x0da80000, 0x0eb90000)
 tenured generation   total 349568K, used 349568K [0x0fca0000, 0x25200000, 0x25200000)
   the space 349568K, 100% used [0x0fca0000, 0x25200000, 0x25200000, 0x25200000)
 Metaspace       used 22480K, capacity 23028K, committed 23168K, reserved 23936K
Event: 12949.530 GC heap after
Heap after GC invocations=2079 (full 1655):
 def new generation   total 157248K, used 157245K [0x05200000, 0x0fca0000, 0x0fca0000)
  eden space 139776K,  99% used [0x05200000, 0x0da7ff98, 0x0da80000)
  from space 17472K,  99% used [0x0eb90000, 0x0fc9f5c8, 0x0fca0000)
  to   space 17472K,   0% used [0x0da80000, 0x0da80000, 0x0eb90000)
 tenured generation   total 349568K, used 349568K [0x0fca0000, 0x25200000, 0x25200000)
   the space 349568K, 100% used [0x0fca0000, 0x25200000, 0x25200000, 0x25200000)
 Metaspace       used 22480K, capacity 23028K, committed 23168K, reserved 23936K
}

Deoptimization events (0 events):
No events

Classes redefined (0 events):
No events

Internal exceptions (10 events):
Event: 12107.684 Thread 0x29d44400 Exception <a 'sun/nio/fs/WindowsException'> (0x06f28a90) thrown at [C:\workspace\8-2-build-windows-i586-cygwin\jdk8u191\11896\hotspot\src\share\vm\prims\jni.cpp, line 709]
Event: 12107.684 Thread 0x29d44400 Exception <a 'sun/nio/fs/WindowsException'> (0x06f28fd0) thrown at [C:\workspace\8-2-build-windows-i586-cygwin\jdk8u191\11896\hotspot\src\share\vm\prims\jni.cpp, line 709]
Event: 12107.686 Thread 0x29d44400 Exception <a 'sun/nio/fs/WindowsException'> (0x06f52d20) thrown at [C:\workspace\8-2-build-windows-i586-cygwin\jdk8u191\11896\hotspot\src\share\vm\prims\jni.cpp, line 709]
Event: 12107.686 Thread 0x29d44400 Exception <a 'sun/nio/fs/WindowsException'> (0x06f532d8) thrown at [C:\workspace\8-2-build-windows-i586-cygwin\jdk8u191\11896\hotspot\src\share\vm\prims\jni.cpp, line 709]
Event: 12107.687 Thread 0x29d44400 Exception <a 'sun/nio/fs/WindowsException'> (0x06f5dd28) thrown at [C:\workspace\8-2-build-windows-i586-cygwin\jdk8u191\11896\hotspot\src\share\vm\prims\jni.cpp, line 709]
Event: 12107.687 Thread 0x29d44400 Exception <a 'sun/nio/fs/WindowsException'> (0x06f5e280) thrown at [C:\workspace\8-2-build-windows-i586-cygwin\jdk8u191\11896\hotspot\src\share\vm\prims\jni.cpp, line 709]
Event: 12107.688 Thread 0x29d44400 Exception <a 'sun/nio/fs/WindowsException'> (0x06f69c10) thrown at [C:\workspace\8-2-build-windows-i586-cygwin\jdk8u191\11896\hotspot\src\share\vm\prims\jni.cpp, line 709]
Event: 12107.688 Thread 0x29d44400 Exception <a 'sun/nio/fs/WindowsException'> (0x06f6a150) thrown at [C:\workspace\8-2-build-windows-i586-cygwin\jdk8u191\11896\hotspot\src\share\vm\prims\jni.cpp, line 709]
Event: 12948.158 Thread 0x26b80000 Exception <a 'java/lang/OutOfMemoryError'> (0x0fd31220) thrown at [C:\workspace\8-2-build-windows-i586-cygwin\jdk8u191\11896\hotspot\src\share\vm\gc_interface/collectedHeap.inline.hpp, line 159]
Event: 12949.530 Thread 0x29d42400 Exception <a 'java/lang/OutOfMemoryError'> (0x0fd31200) thrown at [C:\workspace\8-2-build-windows-i586-cygwin\jdk8u191\11896\hotspot\src\share\vm\gc_interface/collectedHeap.inline.hpp, line 159]

Events (10 events):
Event: 12948.158 Executing VM operation: GenCollectForAllocation done
Event: 12948.158 Executing VM operation: GenCollectForAllocation
Event: 12948.409 Executing VM operation: GenCollectForAllocation done
Event: 12948.409 Executing VM operation: GenCollectForAllocation
Event: 12948.747 Executing VM operation: GenCollectForAllocation done
Event: 12948.747 Executing VM operation: GenCollectForAllocation
Event: 12949.010 Executing VM operation: GenCollectForAllocation done
Event: 12949.010 Executing VM operation: GenCollectForAllocation
Event: 12949.530 Executing VM operation: GenCollectForAllocation done
Event: 12949.530 Executing VM operation: GenCollectForAllocation


Dynamic libraries:
0x00490000 - 0x004c3000 	C:\Program Files (x86)\Arduino\java\bin\javaw.exe
0x773d0000 - 0x77574000 	C:\Windows\SYSTEM32\ntdll.dll
0x75d20000 - 0x75e10000 	C:\Windows\System32\KERNEL32.DLL
0x75b00000 - 0x75d1c000 	C:\Windows\System32\KERNELBASE.dll
0x77300000 - 0x7737b000 	C:\Windows\System32\ADVAPI32.dll
0x75790000 - 0x7584f000 	C:\Windows\System32\msvcrt.dll
0x76670000 - 0x766e6000 	C:\Windows\System32\sechost.dll
0x763f0000 - 0x764ae000 	C:\Windows\System32\RPCRT4.dll
0x75880000 - 0x75a1d000 	C:\Windows\System32\USER32.dll
0x77290000 - 0x772a8000 	C:\Windows\System32\win32u.dll
0x76d90000 - 0x76db3000 	C:\Windows\System32\GDI32.dll
0x75a20000 - 0x75b00000 	C:\Windows\System32\gdi32full.dll
0x76590000 - 0x7660b000 	C:\Windows\System32\msvcp_win.dll
0x76e90000 - 0x76fb0000 	C:\Windows\System32\ucrtbase.dll
0x720b0000 - 0x722c0000 	C:\Windows\WinSxS\x86_microsoft.windows.common-controls_6595b64144ccf1df_6.0.19041.1110_none_a8625c1886757984\COMCTL32.dll
0x75850000 - 0x75876000 	C:\Windows\System32\IMM32.DLL
0x6c230000 - 0x6c2ef000 	C:\Program Files (x86)\Arduino\java\bin\msvcr100.dll
0x6be50000 - 0x6c223000 	C:\Program Files (x86)\Arduino\java\bin\client\jvm.dll
0x766f0000 - 0x766f6000 	C:\Windows\System32\PSAPI.DLL
0x75220000 - 0x75228000 	C:\Windows\SYSTEM32\WSOCK32.dll
0x74f90000 - 0x74fb8000 	C:\Windows\SYSTEM32\WINMM.dll
0x74aa0000 - 0x74aa8000 	C:\Windows\SYSTEM32\VERSION.dll
0x76e20000 - 0x76e83000 	C:\Windows\System32\WS2_32.dll
0x6ba00000 - 0x6ba30000 	C:\Program Files (x86)\Arduino\java\bin\splashscreen.dll
0x73a30000 - 0x73aa4000 	C:\Windows\system32\uxtheme.dll
0x76fb0000 - 0x77230000 	C:\Windows\System32\combase.dll
0x6ce00000 - 0x6ce0c000 	C:\Program Files (x86)\Arduino\java\bin\verify.dll
0x6b980000 - 0x6b9a2000 	C:\Program Files (x86)\Arduino\java\bin\java.dll
0x764b0000 - 0x76584000 	C:\Windows\System32\MSCTF.dll
0x76710000 - 0x767a6000 	C:\Windows\System32\OLEAUT32.dll
0x6ca70000 - 0x6ca84000 	C:\Program Files (x86)\Arduino\java\bin\zip.dll
0x73580000 - 0x7358f000 	C:\Windows\SYSTEM32\kernel.appcore.dll
0x77230000 - 0x7728f000 	C:\Windows\System32\bcryptPrimitives.dll
0x6bcb0000 - 0x6bd69000 	C:\Windows\SYSTEM32\textinputframework.dll
0x6bdb0000 - 0x6be4b000 	C:\Windows\System32\CoreMessaging.dll
0x6ba30000 - 0x6bcae000 	C:\Windows\System32\CoreUIComponents.dll
0x76160000 - 0x761e7000 	C:\Windows\System32\SHCORE.dll
0x68030000 - 0x68059000 	C:\Windows\SYSTEM32\ntmarta.dll
0x6d390000 - 0x6d46b000 	C:\Windows\SYSTEM32\wintypes.dll
0x767b0000 - 0x76d66000 	C:\Windows\System32\SHELL32.dll
0x72320000 - 0x7292c000 	C:\Windows\SYSTEM32\windows.storage.dll
0x722e0000 - 0x72307000 	C:\Windows\SYSTEM32\Wldp.dll
0x76610000 - 0x76655000 	C:\Windows\System32\shlwapi.dll
0x722c0000 - 0x722d8000 	C:\Windows\SYSTEM32\profapi.dll
0x61940000 - 0x619b3000 	C:\Program Files (x86)\Arduino\lib\listSerialsj.dll
0x75290000 - 0x756c4000 	C:\Windows\System32\SETUPAPI.dll
0x77380000 - 0x773bb000 	C:\Windows\System32\cfgmgr32.dll
0x76d70000 - 0x76d89000 	C:\Windows\System32\bcrypt.dll
0x6b910000 - 0x6b92d000 	C:\Program Files (x86)\Arduino\lib\jnidispatch-4.2.2-win32-x86.dll
0x75f10000 - 0x75ff3000 	C:\Windows\System32\Ole32.dll
0x6b520000 - 0x6b535000 	C:\Program Files (x86)\Arduino\java\bin\net.dll
0x72bb0000 - 0x72c02000 	C:\Windows\system32\mswsock.dll
0x6b970000 - 0x6b97f000 	C:\Program Files (x86)\Arduino\java\bin\nio.dll
0x69380000 - 0x694c7000 	C:\Program Files (x86)\Arduino\java\bin\awt.dll
0x6d230000 - 0x6d2d0000 	C:\Windows\SYSTEM32\apphelp.dll
0x72a20000 - 0x72a46000 	C:\Windows\system32\DWMAPI.DLL
0x6b2b0000 - 0x6b2e9000 	C:\Program Files (x86)\Arduino\java\bin\fontmanager.dll
0x691b0000 - 0x692b3000 	C:\Windows\system32\opengl32.dll
0x6b930000 - 0x6b96f000 	C:\Windows\SYSTEM32\GLU32.dll
0x6b270000 - 0x6b2a2000 	C:\Program Files (x86)\Arduino\java\bin\t2k.dll
0x729f0000 - 0x72a14000 	C:\Windows\SYSTEM32\DEVOBJ.dll
0x772b0000 - 0x772fd000 	C:\Windows\System32\WINTRUST.dll
0x75e10000 - 0x75f0a000 	C:\Windows\System32\CRYPT32.dll
0x72990000 - 0x7299e000 	C:\Windows\SYSTEM32\MSASN1.dll
0x74a60000 - 0x74a92000 	C:\Windows\SYSTEM32\IPHLPAPI.DLL
0x76660000 - 0x76667000 	C:\Windows\System32\NSI.dll
0x70210000 - 0x70224000 	C:\Windows\SYSTEM32\dhcpcsvc6.DLL
0x74a30000 - 0x74a46000 	C:\Windows\SYSTEM32\dhcpcsvc.DLL
0x72b20000 - 0x72bb0000 	C:\Windows\SYSTEM32\DNSAPI.dll
0x70060000 - 0x70073000 	C:\Windows\SYSTEM32\CRYPTSP.dll
0x70030000 - 0x7005f000 	C:\Windows\system32\rsaenh.dll
0x73a00000 - 0x73a25000 	C:\Windows\SYSTEM32\USERENV.dll
0x6ff40000 - 0x6ff4a000 	C:\Windows\SYSTEM32\CRYPTBASE.dll
0x73590000 - 0x735a1000 	C:\Windows\system32\napinsp.dll
0x72d10000 - 0x72d26000 	C:\Windows\system32\pnrpnsp.dll
0x72c30000 - 0x72c40000 	C:\Windows\system32\wshbth.dll
0x72c10000 - 0x72c26000 	C:\Windows\system32\NLAapi.dll
0x729e0000 - 0x729ee000 	C:\Windows\System32\winrnr.dll
0x729b0000 - 0x729d1000 	C:\Program Files (x86)\Bonjour\mdnsNSP.dll
0x72310000 - 0x72318000 	C:\Windows\System32\rasadhlp.dll
0x6b500000 - 0x6b520000 	C:\Program Files (x86)\Arduino\java\bin\sunec.dll
0x6b260000 - 0x6b269000 	C:\Program Files (x86)\Arduino\java\bin\sunmscapi.dll
0x72930000 - 0x72989000 	C:\Windows\System32\fwpuclnt.dll
0x69310000 - 0x69379000 	C:\Program Files (x86)\Arduino\msvcp100.dll
0x690f0000 - 0x691ae000 	C:\Program Files (x86)\Arduino\msvcr100.dll
0x27780000 - 0x277b2000 	C:\Program Files (x86)\Arduino\lib\AStylej.dll
0x68b20000 - 0x68b44000 	C:\Program Files (x86)\Arduino\java\bin\dcpr.dll
0x76360000 - 0x763e3000 	C:\Windows\System32\clbcatq.dll
0x68f70000 - 0x690e1000 	C:\Windows\SYSTEM32\WindowsCodecs.dll
0x6a380000 - 0x6a3b1000 	C:\Windows\system32\dataexchange.dll
0x68c20000 - 0x68d84000 	C:\Windows\system32\dcomp.dll
0x68d90000 - 0x68f70000 	C:\Windows\system32\d3d11.dll
0x68b50000 - 0x68c12000 	C:\Windows\system32\dxgi.dll
0x6d990000 - 0x6db1f000 	C:\Windows\system32\twinapi.appcore.dll
0x64000000 - 0x6401b000 	C:\Program Files (x86)\Arduino\lib\jSSC-2.8_x86.dll
0x70aa0000 - 0x70abb000 	C:\Windows\SYSTEM32\edputil.dll
0x6d2d0000 - 0x6d389000 	C:\Windows\System32\AppXDeploymentClient.dll
0x7a2f0000 - 0x7c60c000 	C:\Windows\System32\DriverStore\FileRepository\nvlt.inf_amd64_da008533bb297082\nvoglv32.dll
0x74a50000 - 0x74a5f000 	C:\Windows\SYSTEM32\WTSAPI32.dll
0x6e660000 - 0x6e686000 	C:\Windows\SYSTEM32\cryptnet.dll
0x5eb30000 - 0x5ec30000 	C:\Windows\SYSTEM32\drvstore.dll
0x68640000 - 0x6866c000 	C:\Windows\SYSTEM32\dxcore.dll
0x74fc0000 - 0x75148000 	C:\Windows\SYSTEM32\dbghelp.dll

VM Arguments:
jvm_args: -Dsun.java2d.d3d=false -Djna.nosys=true -Djna.nounpack=true -Djna.boot.library.name=jnidispatch-4.2.2-win32-x86 -Djna.boot.library.path=C:\Program Files (x86)\Arduino/lib -Djssc.library.path=C:\Program Files (x86)\Arduino/lib -DAPP_DIR=C:\Program Files (x86)\Arduino -Xms128M -Xmx512M -Dfile.encoding=UTF8 -Djava.net.preferIPv4Stack=true 
java_command: processing.app.Base E:\Programming\Drone\Programming\Drone\FC6\FC6.ino
java_class_path (initial): C:\Program Files (x86)\Arduino\lib\apple.jar;C:\Program Files (x86)\Arduino\lib\arduino-core.jar;C:\Program Files (x86)\Arduino\lib\batik-1.8.jar;C:\Program Files (x86)\Arduino\lib\batik-anim-1.8.jar;C:\Program Files (x86)\Arduino\lib\batik-awt-util-1.8.jar;C:\Program Files (x86)\Arduino\lib\batik-bridge-1.8.jar;C:\Program Files (x86)\Arduino\lib\batik-codec-1.8.jar;C:\Program Files (x86)\Arduino\lib\batik-css-1.8.jar;C:\Program Files (x86)\Arduino\lib\batik-dom-1.8.jar;C:\Program Files (x86)\Arduino\lib\batik-ext-1.8.jar;C:\Program Files (x86)\Arduino\lib\batik-gvt-1.8.jar;C:\Program Files (x86)\Arduino\lib\batik-parser-1.8.jar;C:\Program Files (x86)\Arduino\lib\batik-rasterizer-1.8.jar;C:\Program Files (x86)\Arduino\lib\batik-script-1.8.jar;C:\Program Files (x86)\Arduino\lib\batik-squiggle-1.8.jar;C:\Program Files (x86)\Arduino\lib\batik-svg-dom-1.8.jar;C:\Program Files (x86)\Arduino\lib\batik-svgpp-1.8.jar;C:\Program Files (x86)\Arduino\lib\batik-transcoder-1.8.jar;C:\Program Files (x86)\Arduino\lib\batik-util-1.8.jar;C:\Program Files (x86)\Arduino\lib\batik-xml-1.8.jar;C:\Program Files (x86)\Arduino\lib\bcpg-jdk15on-152.jar;C:\Program Files (x86)\Arduino\lib\bcprov-jdk15on-152.jar;C:\Program Files (x86)\Arduino\lib\commons-codec-1.7.jar;C:\Program Files (x86)\Arduino\lib\commons-compress-1.8.jar;C:\Program Files (x86)\Arduino\lib\commons-exec-1.1.jar;C:\Program Files (x86)\Arduino\lib\commons-httpclient-3.1.jar;C:\Program Files (x86)\Arduino\lib\commons-lang3-3.8.1.jar;C:\Program Files (x86)\Arduino\lib\commons-logging-1.0.4.jar;C:\Program Files (x86)\Arduino\lib\commons-net-3.3.jar;C:\Program Files (x86)\Arduino\lib\commons-io-2.6.jar;C:\Program Files (x86)\Arduino\lib\jackson-annotations-2.9.5.jar;C:\Program Files (x86)\Arduino\lib\jackson-core-2.9.5.jar;C:\Program Files (x86)\Arduino\lib\jackson-databind-2.9.5.jar;C:\Program Files (x86)\Arduino\lib\java-semver-0.8.0.jar;C:\Program Files (x86)\Arduino\lib\jmdns-3.5.5.jar;C:\Program
Launcher Type: SUN_STANDARD

Environment Variables:
PATH=C:\Program Files (x86)\NVIDIA Corporation\PhysX\Common;C:\Program Files (x86)\Siemens\Automation\SCADA-RT_V11\WinCC\Bin;C:\Program Files (x86)\Common Files\Siemens\Bin;C:\Program Files (x86)\Common Files\Siemens\CommonArchiving;C:\Program Files (x86)\Common Files\Siemens\ACE\Bin;C:\Program Files\Common Files\Siemens\Automation\Simatic OAM\bin;C:\Windows\system32;C:\Windows;C:\Windows\System32\Wbem;C:\Windows\System32\WindowsPowerShell\v1.0\;C:\Windows\System32\OpenSSH\;C:\Program Files (x86)\PICC;C:\PROGRA~2\PICC;C:\PROGRA~2\PICC;C:\Program Files\Polyspace\R2019a\runtime\win64;C:\Program Files\Polyspace\R2019a\bin;C:\Program Files\Polyspace\R2019a\polyspace\bin;C:\Program Files\Microsoft SQL Server\130\Tools\Binn\;C:\Program Files\Microsoft SQL Server\Client SDK\ODBC\130\Tools\Binn\;C:\Program Files (x86)\Microsoft SQL Server\130\Tools\Binn\;C:\Program Files\Microsoft SQL Server\130\DTS\Binn\;C:\Program Files (x86)\Common Files\Siemens\;C:\Program Files (x86)\Common Files\Siemens\Interfaces;C:\Program Files (x86)\Common Files\Siemens\ACE\Interfaces;C:\Program Files (x86)\Siemens\Automation\SCADA-RT_V11\WinCC\Interfaces;C:\Program Files (x86)\Windows Kits\8.1\Windows Performance Toolkit\;C:\Program Files\Git\cmd;C:\Program Files\dotnet\;C:\Program Files\Microsoft SQL Server\Client SDK\ODBC\170\Tools\Binn\;C:\Program Files\Microsoft SQL Server\120\Tools\Binn\;C:\Program Files\Microsoft SQL Server\Client SDK\ODBC\110\Tools\Binn\;C:\Program Files (x86)\Microsoft SQL Server\120\Tools\Binn\;C:\Program Files\Microsoft SQL Server\120\DTS\Binn\;C:\Program Files (x86)\Microsoft SQL Server\120\Tools\Binn\ManagementStudio\;C:\Program Files (x86)\Microsoft SQL Server\120\DTS\Binn\;C:\Users\PC\AppData\Local\Programs\Python\Python37\Scripts\;C:\Users\PC\AppData\Local\Programs\Python\Python37\;C:\Users\PC\AppData\Local\Microsoft\WindowsApps;C:\Users\PC\AppData\Local\Programs\Microsoft VS Code\bin;C:\Users\PC\.dotnet\tools;C:\Program Files (x86)\Arduino\java\bin
USERNAME=PC
OS=Windows_NT
PROCESSOR_IDENTIFIER=AMD64 Family 25 Model 80 Stepping 0, AuthenticAMD



---------------  S Y S T E M  ---------------

OS: Windows 10.0 , 64 bit Build 19041 (10.0.19041.2364)

CPU:total 16 (initial active 16) (16 cores per cpu, 1 threads per core) family 25 model 80 stepping 0, cmov, cx8, fxsr, mmx, sse, sse2, sse3, ssse3, sse4.1, sse4.2, popcnt, avx, avx2, aes, clmul, erms, mmxext, 3dnowpref, lzcnt, sse4a, tsc, tscinvbit, tscinv, bmi1

Memory: 4k page, physical 16625724k(6096820k free), swap 27287108k(4080248k free)

vm_info: Java HotSpot(TM) Client VM (25.191-b12) for windows-x86 JRE (1.8.0_191-b12), built on Oct  6 2018 08:34:23 by "java_re" with MS VC++ 10.0 (VS2010)

time: Wed Dec 28 19:45:34 2022
elapsed time: 12953 seconds (0d 3h 35m 53s)

